<?xml version="1.0" encoding="UTF-8"?>
<!DOCTYPE properties SYSTEM "http://java.sun.com/dtd/properties.dtd">
<properties version="1.0">
    
    <comment>애플리케이션 테스트 설정</comment>

    <entry key="url">http://localhost:8080/</entry>
	<entry key="mail.username">s2ctester@gmail.com</entry>
	<entry key="mail.password">s2cxptmxj</entry>
	<entry key="gmail.username">s2ctester@gmail.com</entry>
	<entry key="gmail.password">s2cxptmxj</entry>
	<entry key="twitter.username">s2ctest</entry>
	<entry key="twitter.password">s2cxptmxj</entry>
	<entry key="jabber.runOnStart">false</entry>
	<entry key="devterm.twitter.username">s2ctest</entry>
	<entry key="devterm.twitter.password">s2cxptmxj</entry>
    
	<!-- google calendar config  -->
	<entry key="calendar.title">SpringSprout Calendar</entry>
	<entry key="calendar.username">springsprout.cal.test@gmail.com</entry>
	<entry key="calendar.password">googlecal</entry>
	
	<!-- daum map api key -->
	<entry key="daum.map.key">test</entry>
	
</properties>